2019-11-12 22:19:38 INFO  OntologyBranchExtractor:85 - Started ontology extraction on Tue Nov 12 22:19:38 EET 2019
2019-11-12 22:19:38 INFO  OntologyBranchExtractor:88 - Finished ontology extraction on Tue Nov 12 22:19:38 EET 2019
2019-11-12 22:19:38 INFO  OntologyBranchExtractor:89 - Saving ontology
2019-11-12 22:19:39 INFO  OntologyBranchExtractor:91 - Done on Tue Nov 12 22:19:39 EET 2019
2019-11-12 22:20:42 INFO  OntologyBranchExtractor:85 - Started ontology extraction on Tue Nov 12 22:20:42 EET 2019
2019-11-12 22:20:42 INFO  OntologyBranchExtractor:88 - Finished ontology extraction on Tue Nov 12 22:20:42 EET 2019
2019-11-12 22:20:42 INFO  OntologyBranchExtractor:89 - Saving ontology
2019-11-12 22:20:42 INFO  OntologyBranchExtractor:91 - Done on Tue Nov 12 22:20:42 EET 2019
2019-11-21 11:02:38 INFO  OntologyBranchExtractor:85 - Started ontology extraction on Thu Nov 21 11:02:38 EET 2019
2019-11-21 11:02:38 INFO  OntologyBranchExtractor:88 - Finished ontology extraction on Thu Nov 21 11:02:38 EET 2019
2019-11-21 11:02:38 INFO  OntologyBranchExtractor:89 - Saving ontology
2019-11-21 11:02:38 INFO  OntologyBranchExtractor:85 - Started ontology extraction on Thu Nov 21 11:02:38 EET 2019
2019-11-21 11:02:38 INFO  OntologyBranchExtractor:88 - Finished ontology extraction on Thu Nov 21 11:02:38 EET 2019
2019-11-21 11:02:38 INFO  OntologyBranchExtractor:89 - Saving ontology
2019-11-21 11:02:38 INFO  OntologyBranchExtractor:91 - Done on Thu Nov 21 11:02:38 EET 2019
2019-11-21 11:02:38 INFO  OntologyBranchExtractor:91 - Done on Thu Nov 21 11:02:38 EET 2019
2019-11-21 11:02:55 INFO  OntologyBranchExtractor:85 - Started ontology extraction on Thu Nov 21 11:02:55 EET 2019
2019-11-21 11:02:55 INFO  OntologyBranchExtractor:88 - Finished ontology extraction on Thu Nov 21 11:02:55 EET 2019
2019-11-21 11:02:55 INFO  OntologyBranchExtractor:89 - Saving ontology
2019-11-21 11:02:56 INFO  OntologyBranchExtractor:91 - Done on Thu Nov 21 11:02:56 EET 2019
